<?xml version="1.0" encoding="UTF-8"?>
<!-- Generated by org.testng.reporters.JUnitReportReporter -->
<testsuite hostname="DialkiPC" failures="0" tests="2" name="com.borkacle.bank.tests.BankAccountDependencyTest" time="0.000" errors="0" timestamp="2025-04-28T08:39:57 CST" skipped="0">
  <testcase classname="com.borkacle.bank.tests.BankAccountDependencyTest" name="testDependentWithdrawal" time="0.000"/>
  <system-out/>
  <testcase classname="com.borkacle.bank.tests.BankAccountDependencyTest" name="testInitialDeposit" time="0.000"/>
  <system-out/>
</testsuite> <!-- com.borkacle.bank.tests.BankAccountDependencyTest -->
