<?xml version="1.0" encoding="UTF-8"?>
<!-- Generated by org.testng.reporters.JUnitReportReporter -->
<testsuite hostname="DialkiPC" failures="0" tests="6" name="com.borkacle.bank.tests.BankAccountDataDrivenTest" time="0.022" errors="0" timestamp="2025-04-28T10:21:21 CST" skipped="0">
  <testcase classname="com.borkacle.bank.tests.BankAccountDataDrivenTest" name="testDepositWithData" time="0.000"/>
  <system-out/>
  <testcase classname="com.borkacle.bank.tests.BankAccountDataDrivenTest" name="testWithdrawalWithData" time="0.000"/>
  <system-out/>
  <testcase classname="com.borkacle.bank.tests.BankAccountDataDrivenTest" name="testWithdrawalWithData" time="0.006"/>
  <system-out/>
  <testcase classname="com.borkacle.bank.tests.BankAccountDataDrivenTest" name="testDepositWithData" time="0.000"/>
  <system-out/>
  <testcase classname="com.borkacle.bank.tests.BankAccountDataDrivenTest" name="testDepositWithData" time="0.000"/>
  <system-out/>
  <testcase classname="com.borkacle.bank.tests.BankAccountDataDrivenTest" name="testWithdrawalWithData" time="0.016"/>
  <system-out/>
</testsuite> <!-- com.borkacle.bank.tests.BankAccountDataDrivenTest -->
