<?xml version="1.0" encoding="UTF-8"?>
<!-- Generated by org.testng.reporters.JUnitReportReporter -->
<testsuite hostname="DialkiPC" failures="0" tests="3" name="com.borkacle.bank.tests.BankAccountExceptionTest" time="0.000" errors="0" timestamp="2025-04-28T10:21:21 CST" skipped="0">
  <testcase classname="com.borkacle.bank.tests.BankAccountExceptionTest" name="testNegativeDeposit" time="0.000"/>
  <system-out/>
  <testcase classname="com.borkacle.bank.tests.BankAccountExceptionTest" name="testInsufficientFunds" time="0.000"/>
  <system-out/>
  <testcase classname="com.borkacle.bank.tests.BankAccountExceptionTest" name="testNegativeWithdrawal" time="0.000"/>
  <system-out/>
</testsuite> <!-- com.borkacle.bank.tests.BankAccountExceptionTest -->
