<?xml version="1.0" encoding="UTF-8"?>
<!-- Generated by org.testng.reporters.JUnitReportReporter -->
<testsuite hostname="DialkiPC" failures="0" tests="2" name="com.borkacle.bank.tests.BankAccountLifecycleTest" time="0.000" errors="0" timestamp="2025-04-28T08:38:45 CST" skipped="0">
  <testcase classname="com.borkacle.bank.tests.BankAccountLifecycleTest" name="testDepositInSharedAccount" time="0.000"/>
  <system-out/>
  <testcase classname="com.borkacle.bank.tests.BankAccountLifecycleTest" name="testWithdrawalFromSharedAccount" time="0.000"/>
  <system-out/>
</testsuite> <!-- com.borkacle.bank.tests.BankAccountLifecycleTest -->
