<?xml version="1.0" encoding="UTF-8"?>
<!-- Generated by org.testng.reporters.JUnitReportReporter -->
<testsuite hostname="DialkiPC" failures="0" tests="4" name="com.borkacle.bank.tests.BankAccountGroupTest" time="0.002" errors="0" timestamp="2025-04-28T10:21:21 CST" skipped="0">
  <testcase classname="com.borkacle.bank.tests.BankAccountGroupTest" name="testInvalidDeposit" time="0.000"/>
  <system-out/>
  <testcase classname="com.borkacle.bank.tests.BankAccountGroupTest" name="testValidDeposit" time="0.002"/>
  <system-out/>
  <testcase classname="com.borkacle.bank.tests.BankAccountGroupTest" name="testValidWithdrawal" time="0.000"/>
  <system-out/>
  <testcase classname="com.borkacle.bank.tests.BankAccountGroupTest" name="testInvalidWithdrawal" time="0.000"/>
  <system-out/>
</testsuite> <!-- com.borkacle.bank.tests.BankAccountGroupTest -->
