<?xml version="1.0" encoding="UTF-8"?>
<testsuite xmlns:xsi="http://www.w3.org/2001/XMLSchema-instance" xsi:noNamespaceSchemaLocation="https://maven.apache.org/surefire/maven-surefire-plugin/xsd/surefire-test-report-3.0.xsd" version="3.0" name="TestSuite" time="0.655" tests="20" errors="0" skipped="0" failures="0">
  <properties>
    <property name="java.specification.version" value="23"/>
    <property name="sun.cpu.isalist" value="amd64"/>
    <property name="sun.jnu.encoding" value="Cp1252"/>
    <property name="java.class.path" value="C:\Users\rodri\Desktop\Tec\TestPepe\TestNG Activity\banking-app\target\test-classes;C:\Users\rodri\Desktop\Tec\TestPepe\TestNG Activity\banking-app\target\classes;C:\Users\rodri\.m2\repository\org\testng\testng\7.4.0\testng-7.4.0.jar;C:\Users\rodri\.m2\repository\com\beust\jcommander\1.78\jcommander-1.78.jar;C:\Users\rodri\.m2\repository\org\webjars\jquery\3.5.1\jquery-3.5.1.jar;"/>
    <property name="java.vm.vendor" value="Oracle Corporation"/>
    <property name="sun.arch.data.model" value="64"/>
    <property name="user.variant" value=""/>
    <property name="java.vendor.url" value="https://java.oracle.com/"/>
    <property name="user.timezone" value="America/Mexico_City"/>
    <property name="os.name" value="Windows 11"/>
    <property name="java.vm.specification.version" value="23"/>
    <property name="sun.java.launcher" value="SUN_STANDARD"/>
    <property name="user.country" value="US"/>
    <property name="sun.boot.library.path" value="C:\Program Files\Java\jdk-23\bin"/>
    <property name="sun.java.command" value="C:\Users\rodri\AppData\Local\Temp\surefire14911751539649719109\surefirebooter-20250428102120346_3.jar C:\Users\rodri\AppData\Local\Temp\surefire14911751539649719109 2025-04-28T10-21-20_199-jvmRun1 surefire-20250428102120346_1tmp surefire_0-20250428102120346_2tmp"/>
    <property name="jdk.debug" value="release"/>
    <property name="surefire.test.class.path" value="C:\Users\rodri\Desktop\Tec\TestPepe\TestNG Activity\banking-app\target\test-classes;C:\Users\rodri\Desktop\Tec\TestPepe\TestNG Activity\banking-app\target\classes;C:\Users\rodri\.m2\repository\org\testng\testng\7.4.0\testng-7.4.0.jar;C:\Users\rodri\.m2\repository\com\beust\jcommander\1.78\jcommander-1.78.jar;C:\Users\rodri\.m2\repository\org\webjars\jquery\3.5.1\jquery-3.5.1.jar;"/>
    <property name="sun.cpu.endian" value="little"/>
    <property name="user.home" value="C:\Users\rodri"/>
    <property name="user.language" value="en"/>
    <property name="java.specification.vendor" value="Oracle Corporation"/>
    <property name="java.version.date" value="2025-01-21"/>
    <property name="java.home" value="C:\Program Files\Java\jdk-23"/>
    <property name="file.separator" value="\"/>
    <property name="basedir" value="C:\Users\rodri\Desktop\Tec\TestPepe\TestNG Activity\banking-app"/>
    <property name="java.vm.compressedOopsMode" value="Zero based"/>
    <property name="line.separator" value="&#10;"/>
    <property name="java.vm.specification.vendor" value="Oracle Corporation"/>
    <property name="java.specification.name" value="Java Platform API Specification"/>
    <property name="surefire.real.class.path" value="C:\Users\rodri\AppData\Local\Temp\surefire14911751539649719109\surefirebooter-20250428102120346_3.jar"/>
    <property name="user.script" value=""/>
    <property name="sun.management.compiler" value="HotSpot 64-Bit Tiered Compilers"/>
    <property name="java.runtime.version" value="23.0.2+7-58"/>
    <property name="user.name" value="rodri"/>
    <property name="stdout.encoding" value="UTF-8"/>
    <property name="path.separator" value=";"/>
    <property name="testng.xml" value="testng.xml"/>
    <property name="os.version" value="10.0"/>
    <property name="java.runtime.name" value="Java(TM) SE Runtime Environment"/>
    <property name="file.encoding" value="UTF-8"/>
    <property name="java.vm.name" value="Java HotSpot(TM) 64-Bit Server VM"/>
    <property name="localRepository" value="C:\Users\rodri\.m2\repository"/>
    <property name="java.vendor.url.bug" value="https://bugreport.java.com/bugreport/"/>
    <property name="java.io.tmpdir" value="C:\Users\rodri\AppData\Local\Temp\"/>
    <property name="java.version" value="23.0.2"/>
    <property name="user.dir" value="C:\Users\rodri\Desktop\Tec\TestPepe\TestNG Activity\banking-app"/>
    <property name="os.arch" value="amd64"/>
    <property name="java.vm.specification.name" value="Java Virtual Machine Specification"/>
    <property name="sun.os.patch.level" value=""/>
    <property name="native.encoding" value="Cp1252"/>
    <property name="java.library.path" value="C:\Program Files\Java\jdk-23\bin;C:\WINDOWS\Sun\Java\bin;C:\WINDOWS\system32;C:\WINDOWS;C:\Users\rodri\AppData\Roaming\Code\User\globalStorage\pleiades.java-extension-pack-jdk\gradle\latest\bin;C:\Users\rodri\AppData\Roaming\Code\User\globalStorage\pleiades.java-extension-pack-jdk\maven\latest\bin;C:\Program Files\Java\jdk-23\bin;C:\Program Files\Common Files\Oracle\Java\javapath;C:\Python312\Scripts\;C:\Python312\;C:\Windows\system32;C:\Windows;C:\Windows\System32\Wbem;C:\Windows\System32\WindowsPowerShell\v1.0\;C:\Windows\System32\OpenSSH\;C:\Program Files (x86)\NVIDIA Corporation\PhysX\Common;C:\WINDOWS\system32;C:\WINDOWS;C:\WINDOWS\System32\Wbem;C:\WINDOWS\System32\WindowsPowerShell\v1.0\;C:\WINDOWS\System32\OpenSSH\;C:\Program Files\NVIDIA Corporation\NVIDIA app\NvDLISR;C:\Program Files\nodejs\;C:\ProgramData\chocolatey\bin;C:\Program Files\Git\cmd;C:\Program Files\dotnet\;C:\Program Files\GitHub CLI\;C:\Program Files\Docker\Docker\resources\bin;C:\ProgramData\chocolatey\lib\maven\apache-maven-3.9.9\bin;C:\Users\rodri\AppData\Local\Programs\Python\Python313\Scripts\;C:\Users\rodri\AppData\Local\Programs\Python\Python313\;C:\Users\rodri\AppData\Local\Microsoft\WindowsApps;C:\Users\rodri\AppData\Local\Programs\Microsoft VS Code\bin;C:\msys64\ucrt64\bin;C:\Users\rodri\AppData\Roaming\npm;C:\Users\rodri\AppData\Local\Microsoft\WindowsApps;C:\Users\rodri\AppData\Local\Programs\cursor\resources\app\bin;c:\Users\rodri\AppData\Roaming\Code\User\globalStorage\github.copilot-chat\debugCommand;."/>
    <property name="java.vm.info" value="mixed mode, sharing"/>
    <property name="stderr.encoding" value="UTF-8"/>
    <property name="java.vendor" value="Oracle Corporation"/>
    <property name="java.vm.version" value="23.0.2+7-58"/>
    <property name="sun.io.unicode.encoding" value="UnicodeLittle"/>
    <property name="java.class.version" value="67.0"/>
  </properties>
  <testcase name="testDepositWithData[50.0, 250.0](1)" classname="com.borkacle.bank.tests.BankAccountDataDrivenTest" time="0.009"/>
  <testcase name="testDepositWithData[100.0, 300.0](2)" classname="com.borkacle.bank.tests.BankAccountDataDrivenTest" time="0.0"/>
  <testcase name="testDepositWithData[0.01, 200.01](3)" classname="com.borkacle.bank.tests.BankAccountDataDrivenTest" time="0.0"/>
  <testcase name="testWithdrawalWithData[50.0, 150.0](1)" classname="com.borkacle.bank.tests.BankAccountDataDrivenTest" time="0.0"/>
  <testcase name="testWithdrawalWithData[100.0, 100.0](2)" classname="com.borkacle.bank.tests.BankAccountDataDrivenTest" time="0.0"/>
  <testcase name="testWithdrawalWithData[199.99, 0.01](3)" classname="com.borkacle.bank.tests.BankAccountDataDrivenTest" time="0.0"/>
  <testcase name="testInitialDeposit" classname="com.borkacle.bank.tests.BankAccountDependencyTest" time="0.0"/>
  <testcase name="testDependentWithdrawal" classname="com.borkacle.bank.tests.BankAccountDependencyTest" time="0.0"/>
  <testcase name="testInsufficientFunds" classname="com.borkacle.bank.tests.BankAccountExceptionTest" time="0.0"/>
  <testcase name="testNegativeDeposit" classname="com.borkacle.bank.tests.BankAccountExceptionTest" time="0.0"/>
  <testcase name="testNegativeWithdrawal" classname="com.borkacle.bank.tests.BankAccountExceptionTest" time="0.0"/>
  <testcase name="testInvalidDeposit" classname="com.borkacle.bank.tests.BankAccountGroupTest" time="0.0"/>
  <testcase name="testInvalidWithdrawal" classname="com.borkacle.bank.tests.BankAccountGroupTest" time="0.016"/>
  <testcase name="testValidDeposit" classname="com.borkacle.bank.tests.BankAccountGroupTest" time="0.0"/>
  <testcase name="testValidWithdrawal" classname="com.borkacle.bank.tests.BankAccountGroupTest" time="0.0"/>
  <testcase name="testDepositInSharedAccount" classname="com.borkacle.bank.tests.BankAccountLifecycleTest" time="0.0">
    <system-out><![CDATA[Cuenta de prueba creada con saldo inicial: 500
]]></system-out>
  </testcase>
  <testcase name="testWithdrawalFromSharedAccount" classname="com.borkacle.bank.tests.BankAccountLifecycleTest" time="0.0"/>
  <testcase name="testDeposit" classname="com.borkacle.bank.tests.BankAccountTest" time="0.0">
    <system-out><![CDATA[Saldo final de la cuenta: 400.0
]]></system-out>
  </testcase>
  <testcase name="testInitialBalance" classname="com.borkacle.bank.tests.BankAccountTest" time="0.0"/>
  <testcase name="testWithdrawal" classname="com.borkacle.bank.tests.BankAccountTest" time="0.0"/>
</testsuite>